This is pdfTeX, Version 3.141592653-2.6-1.40.23 (TeX Live 2021) (preloaded format=pdflatex 2021.8.24)  26 AUG 2021 10:30
entering extended mode
 restricted \write18 enabled.
 %&-line parsing enabled.
**PAC_learning.tex
(./PAC_learning.tex
LaTeX2e <2021-06-01> patch level 1
L3 programming layer <2021-07-12>
(/usr/local/texlive/2021/texmf-dist/tex/latex/base/article.cls
Document Class: article 2021/02/12 v1.4n Standard LaTeX document class
(/usr/local/texlive/2021/texmf-dist/tex/latex/base/size12.clo
File: size12.clo 2021/02/12 v1.4n Standard LaTeX file (size option)
)
\c@part=\count182
\c@section=\count183
\c@subsection=\count184
\c@subsubsection=\count185
\c@paragraph=\count186
\c@subparagraph=\count187
\c@figure=\count188
\c@table=\count189
\abovecaptionskip=\skip47
\belowcaptionskip=\skip48
\bibindent=\dimen138
)
(/usr/local/texlive/2021/texmf-dist/tex/latex/amsmath/amsmath.sty
Package: amsmath 2021/04/20 v2.17j AMS math features
\@mathmargin=\skip49

For additional information on amsmath, use the `?' option.
(/usr/local/texlive/2021/texmf-dist/tex/latex/amsmath/amstext.sty
Package: amstext 2000/06/29 v2.01 AMS text

(/usr/local/texlive/2021/texmf-dist/tex/latex/amsmath/amsgen.sty
File: amsgen.sty 1999/11/30 v2.0 generic functions
\@emptytoks=\toks16
\ex@=\dimen139
))
(/usr/local/texlive/2021/texmf-dist/tex/latex/amsmath/amsbsy.sty
Package: amsbsy 1999/11/29 v1.2d Bold Symbols
\pmbraise@=\dimen140
)
(/usr/local/texlive/2021/texmf-dist/tex/latex/amsmath/amsopn.sty
Package: amsopn 2016/03/08 v2.02 operator names
)
\inf@bad=\count190
LaTeX Info: Redefining \frac on input line 234.
\uproot@=\count191
\leftroot@=\count192
LaTeX Info: Redefining \overline on input line 399.
\classnum@=\count193
\DOTSCASE@=\count194
LaTeX Info: Redefining \ldots on input line 496.
LaTeX Info: Redefining \dots on input line 499.
LaTeX Info: Redefining \cdots on input line 620.
\Mathstrutbox@=\box50
\strutbox@=\box51
\big@size=\dimen141
LaTeX Font Info:    Redeclaring font encoding OML on input line 743.
LaTeX Font Info:    Redeclaring font encoding OMS on input line 744.
\macc@depth=\count195
\c@MaxMatrixCols=\count196
\dotsspace@=\muskip16
\c@parentequation=\count197
\dspbrk@lvl=\count198
\tag@help=\toks17
\row@=\count199
\column@=\count266
\maxfields@=\count267
\andhelp@=\toks18
\eqnshift@=\dimen142
\alignsep@=\dimen143
\tagshift@=\dimen144
\tagwidth@=\dimen145
\totwidth@=\dimen146
\lineht@=\dimen147
\@envbody=\toks19
\multlinegap=\skip50
\multlinetaggap=\skip51
\mathdisplay@stack=\toks20
LaTeX Info: Redefining \[ on input line 2923.
LaTeX Info: Redefining \] on input line 2924.
)
\c@thm=\count268

(/usr/local/texlive/2021/texmf-dist/tex/latex/amsfonts/amssymb.sty
Package: amssymb 2013/01/14 v3.01 AMS font symbols

(/usr/local/texlive/2021/texmf-dist/tex/latex/amsfonts/amsfonts.sty
Package: amsfonts 2013/01/14 v3.01 Basic AMSFonts support
\symAMSa=\mathgroup4
\symAMSb=\mathgroup5
LaTeX Font Info:    Redeclaring math symbol \hbar on input line 98.
LaTeX Font Info:    Overwriting math alphabet `\mathfrak' in version `bold'
(Font)                  U/euf/m/n --> U/euf/b/n on input line 106.
))
(/usr/local/texlive/2021/texmf-dist/tex/latex/jknapltx/mathrsfs.sty
Package: mathrsfs 1996/01/01 Math RSFS package v1.0 (jk)
\symrsfs=\mathgroup6
)
(/usr/local/texlive/2021/texmf-dist/tex/latex/tools/bm.sty
Package: bm 2021/04/25 v1.2e Bold Symbol Support (DPC/FMi)
\symboldoperators=\mathgroup7
\symboldletters=\mathgroup8
\symboldsymbols=\mathgroup9
Package bm Info: No bold for \OMX/cmex/m/n, using \pmb.
Package bm Info: No bold for \U/msa/m/n, using \pmb.
Package bm Info: No bold for \U/msb/m/n, using \pmb.
Package bm Info: No bold for \U/rsfs/m/n, using \pmb.
LaTeX Font Info:    Redeclaring math alphabet \mathbf on input line 149.
)
(/usr/local/texlive/2021/texmf-dist/tex/latex/tools/indentfirst.sty
Package: indentfirst 1995/11/23 v1.03 Indent first paragraph (DPC)
)
(/usr/local/texlive/2021/texmf-dist/tex/latex/geometry/geometry.sty
Package: geometry 2020/01/02 v5.9 Page Geometry

(/usr/local/texlive/2021/texmf-dist/tex/latex/graphics/keyval.sty
Package: keyval 2014/10/28 v1.15 key=value parser (DPC)
\KV@toks@=\toks21
)
(/usr/local/texlive/2021/texmf-dist/tex/generic/iftex/ifvtex.sty
Package: ifvtex 2019/10/25 v1.7 ifvtex legacy package. Use iftex instead.

(/usr/local/texlive/2021/texmf-dist/tex/generic/iftex/iftex.sty
Package: iftex 2020/03/06 v1.0d TeX engine tests
))
\Gm@cnth=\count269
\Gm@cntv=\count270
\c@Gm@tempcnt=\count271
\Gm@bindingoffset=\dimen148
\Gm@wd@mp=\dimen149
\Gm@odd@mp=\dimen150
\Gm@even@mp=\dimen151
\Gm@layoutwidth=\dimen152
\Gm@layoutheight=\dimen153
\Gm@layouthoffset=\dimen154
\Gm@layoutvoffset=\dimen155
\Gm@dimlist=\toks22
)
(/usr/local/texlive/2021/texmf-dist/tex/latex/graphics/graphicx.sty
Package: graphicx 2020/12/05 v1.2c Enhanced LaTeX Graphics (DPC,SPQR)

(/usr/local/texlive/2021/texmf-dist/tex/latex/graphics/graphics.sty
Package: graphics 2021/03/04 v1.4d Standard LaTeX Graphics (DPC,SPQR)

(/usr/local/texlive/2021/texmf-dist/tex/latex/graphics/trig.sty
Package: trig 2016/01/03 v1.10 sin cos tan (DPC)
)
(/usr/local/texlive/2021/texmf-dist/tex/latex/graphics-cfg/graphics.cfg
File: graphics.cfg 2016/06/04 v1.11 sample graphics configuration
)
Package graphics Info: Driver file: pdftex.def on input line 107.

(/usr/local/texlive/2021/texmf-dist/tex/latex/graphics-def/pdftex.def
File: pdftex.def 2020/10/05 v1.2a Graphics/color driver for pdftex
))
\Gin@req@height=\dimen156
\Gin@req@width=\dimen157
)
(/usr/local/texlive/2021/texmf-dist/tex/latex/setspace/setspace.sty
Package: setspace 2011/12/19 v6.7a set line spacing
)
(/usr/local/texlive/2021/texmf-dist/tex/latex/threeparttable/threeparttable.sty
Package: threeparttable 2003/06/13  v 3.0
\@tempboxb=\box52
) (/usr/local/texlive/2021/texmf-dist/tex/latex/booktabs/booktabs.sty
Package: booktabs 2020/01/12 v1.61803398 Publication quality tables
\heavyrulewidth=\dimen158
\lightrulewidth=\dimen159
\cmidrulewidth=\dimen160
\belowrulesep=\dimen161
\belowbottomsep=\dimen162
\aboverulesep=\dimen163
\abovetopsep=\dimen164
\cmidrulesep=\dimen165
\cmidrulekern=\dimen166
\defaultaddspace=\dimen167
\@cmidla=\count272
\@cmidlb=\count273
\@aboverulesep=\dimen168
\@belowrulesep=\dimen169
\@thisruleclass=\count274
\@lastruleclass=\count275
\@thisrulewidth=\dimen170
)
(/usr/local/texlive/2021/texmf-dist/tex/latex/caption/caption.sty
Package: caption 2020/10/26 v3.5g Customizing captions (AR)

(/usr/local/texlive/2021/texmf-dist/tex/latex/caption/caption3.sty
Package: caption3 2020/10/21 v2.2e caption3 kernel (AR)
\captionmargin=\dimen171
\captionmargin@=\dimen172
\captionwidth=\dimen173
\caption@tempdima=\dimen174
\caption@indent=\dimen175
\caption@parindent=\dimen176
\caption@hangindent=\dimen177
Package caption Info: Standard document class detected.
)
\c@caption@flags=\count276
\c@continuedfloat=\count277
Package caption Info: threeparttable package is loaded.
)
(/usr/local/texlive/2021/texmf-dist/tex/latex/float/float.sty
Package: float 2001/11/08 v1.3d Float enhancements (AL)
\c@float@type=\count278
\float@exts=\toks23
\float@box=\box53
\@float@everytoks=\toks24
\@floatcapt=\box54
)
(/usr/local/texlive/2021/texmf-dist/tex/latex/import/import.sty
Package: import 2020/04/01  v 6.2
)
(/usr/local/texlive/2021/texmf-dist/tex/latex/xifthen/xifthen.sty
Package: xifthen 2015/11/05 v1.4.0 Extended ifthen features

(/usr/local/texlive/2021/texmf-dist/tex/latex/tools/calc.sty
Package: calc 2017/05/25 v4.3 Infix arithmetic (KKT,FJ)
\calc@Acount=\count279
\calc@Bcount=\count280
\calc@Adimen=\dimen178
\calc@Bdimen=\dimen179
\calc@Askip=\skip52
\calc@Bskip=\skip53
LaTeX Info: Redefining \setlength on input line 80.
LaTeX Info: Redefining \addtolength on input line 81.
\calc@Ccount=\count281
\calc@Cskip=\skip54
)
(/usr/local/texlive/2021/texmf-dist/tex/latex/base/ifthen.sty
Package: ifthen 2020/11/24 v1.1c Standard LaTeX ifthen package (DPC)
)
(/usr/local/texlive/2021/texmf-dist/tex/latex/ifmtarg/ifmtarg.sty
Package: ifmtarg 2018/04/16 v1.2b check for an empty argument
))
(/usr/local/texlive/2021/texmf-dist/tex/latex/pdfpages/pdfpages.sty
Package: pdfpages 2021/03/06 v0.5t Insert pages of external PDF documents (AM)

(/usr/local/texlive/2021/texmf-dist/tex/latex/eso-pic/eso-pic.sty
Package: eso-pic 2020/10/14 v3.0a eso-pic (RN)
\ESO@tempdima=\dimen180
\ESO@tempdimb=\dimen181

(/usr/local/texlive/2021/texmf-dist/tex/latex/xcolor/xcolor.sty
Package: xcolor 2016/05/11 v2.12 LaTeX color extensions (UK)

(/usr/local/texlive/2021/texmf-dist/tex/latex/graphics-cfg/color.cfg
File: color.cfg 2016/01/02 v1.6 sample color configuration
)
Package xcolor Info: Driver file: pdftex.def on input line 225.
Package xcolor Info: Model `cmy' substituted by `cmy0' on input line 1348.
Package xcolor Info: Model `hsb' substituted by `rgb' on input line 1352.
Package xcolor Info: Model `RGB' extended on input line 1364.
Package xcolor Info: Model `HTML' substituted by `rgb' on input line 1366.
Package xcolor Info: Model `Hsb' substituted by `hsb' on input line 1367.
Package xcolor Info: Model `tHsb' substituted by `hsb' on input line 1368.
Package xcolor Info: Model `HSB' substituted by `hsb' on input line 1369.
Package xcolor Info: Model `Gray' substituted by `gray' on input line 1370.
Package xcolor Info: Model `wave' substituted by `hsb' on input line 1371.
))
\AM@pagewidth=\dimen182
\AM@pageheight=\dimen183
\AM@fboxrule=\dimen184

(/usr/local/texlive/2021/texmf-dist/tex/latex/pdfpages/pppdftex.def
File: pppdftex.def 2021/03/06 v0.5t Pdfpages driver for pdfTeX (AM)
)
\pdfpages@includegraphics@status=\count282
\AM@pagebox=\box55
\AM@global@opts=\toks25
\AM@pagecnt=\count283
\AM@toc@title=\toks26
\c@AM@survey=\count284
\AM@templatesizebox=\box56
)
(/usr/local/texlive/2021/texmf-dist/tex/latex/transparent/transparent.sty
Package: transparent 2019/11/29 v1.4 Transparency via pdfTeX's color stack (HO)


(/usr/local/texlive/2021/texmf-dist/tex/latex/auxhook/auxhook.sty
Package: auxhook 2019-12-17 v1.6 Hooks for auxiliary files (HO)
))
(/usr/local/texlive/2021/texmf-dist/tex/latex/l3backend/l3backend-pdftex.def
File: l3backend-pdftex.def 2021-08-04 L3 backend support: PDF output (pdfTeX)
\l__color_backend_stack_int=\count285
\l__pdf_internal_box=\box57
)
(./PAC_learning.aux)
\openout1 = `PAC_learning.aux'.

LaTeX Font Info:    Checking defaults for OML/cmm/m/it on input line 40.
LaTeX Font Info:    ... okay on input line 40.
LaTeX Font Info:    Checking defaults for OMS/cmsy/m/n on input line 40.
LaTeX Font Info:    ... okay on input line 40.
LaTeX Font Info:    Checking defaults for OT1/cmr/m/n on input line 40.
LaTeX Font Info:    ... okay on input line 40.
LaTeX Font Info:    Checking defaults for T1/cmr/m/n on input line 40.
LaTeX Font Info:    ... okay on input line 40.
LaTeX Font Info:    Checking defaults for TS1/cmr/m/n on input line 40.
LaTeX Font Info:    ... okay on input line 40.
LaTeX Font Info:    Checking defaults for OMX/cmex/m/n on input line 40.
LaTeX Font Info:    ... okay on input line 40.
LaTeX Font Info:    Checking defaults for U/cmr/m/n on input line 40.
LaTeX Font Info:    ... okay on input line 40.

*geometry* driver: auto-detecting
*geometry* detected driver: pdftex
*geometry* verbose mode - [ preamble ] result:
* driver: pdftex
* paper: <default>
* layout: <same size as paper>
* layoutoffset:(h,v)=(0.0pt,0.0pt)
* modes: 
* h-part:(L,W,R)=(72.26999pt, 469.75502pt, 72.26999pt)
* v-part:(T,H,B)=(72.26999pt, 650.43001pt, 72.26999pt)
* \paperwidth=614.295pt
* \paperheight=794.96999pt
* \textwidth=469.75502pt
* \textheight=650.43001pt
* \oddsidemargin=0.0pt
* \evensidemargin=0.0pt
* \topmargin=-37.0pt
* \headheight=12.0pt
* \headsep=25.0pt
* \topskip=12.0pt
* \footskip=30.0pt
* \marginparwidth=44.0pt
* \marginparsep=10.0pt
* \columnsep=10.0pt
* \skip\footins=10.8pt plus 4.0pt minus 2.0pt
* \hoffset=0.0pt
* \voffset=0.0pt
* \mag=1000
* \@twocolumnfalse
* \@twosidefalse
* \@mparswitchfalse
* \@reversemarginfalse
* (1in=72.27pt=25.4mm, 1cm=28.453pt)

(/usr/local/texlive/2021/texmf-dist/tex/context/base/mkii/supp-pdf.mkii
[Loading MPS to PDF converter (version 2006.09.02).]
\scratchcounter=\count286
\scratchdimen=\dimen185
\scratchbox=\box58
\nofMPsegments=\count287
\nofMParguments=\count288
\everyMPshowfont=\toks27
\MPscratchCnt=\count289
\MPscratchDim=\dimen186
\MPnumerator=\count290
\makeMPintoPDFobject=\count291
\everyMPtoPDFconversion=\toks28
) (/usr/local/texlive/2021/texmf-dist/tex/latex/epstopdf-pkg/epstopdf-base.sty
Package: epstopdf-base 2020-01-24 v2.11 Base part for package epstopdf
Package epstopdf-base Info: Redefining graphics rule for `.eps' on input line 4
85.

(/usr/local/texlive/2021/texmf-dist/tex/latex/latexconfig/epstopdf-sys.cfg
File: epstopdf-sys.cfg 2010/07/13 v1.3 Configuration of (r)epstopdf for TeX Liv
e
))
Package caption Info: Begin \AtBeginDocument code.
Package caption Info: float package is loaded.
Package caption Info: End \AtBeginDocument code.

(/usr/local/texlive/2021/texmf-dist/tex/latex/pdflscape/pdflscape.sty
Package: pdflscape 2019/12/05 v0.12 Display of landscape pages in PDF (HO)

(/usr/local/texlive/2021/texmf-dist/tex/latex/graphics/lscape.sty
Package: lscape 2020/05/28 v3.02 Landscape Pages (DPC)
)
Package pdflscape Info: Auto-detected driver: pdftex on input line 81.
)
LaTeX Font Info:    Trying to load font information for U+msa on input line 41.


(/usr/local/texlive/2021/texmf-dist/tex/latex/amsfonts/umsa.fd
File: umsa.fd 2013/01/14 v3.01 AMS symbols A
)
LaTeX Font Info:    Trying to load font information for U+msb on input line 41.


(/usr/local/texlive/2021/texmf-dist/tex/latex/amsfonts/umsb.fd
File: umsb.fd 2013/01/14 v3.01 AMS symbols B
)
LaTeX Font Info:    Trying to load font information for U+rsfs on input line 41
.

(/usr/local/texlive/2021/texmf-dist/tex/latex/jknapltx/ursfs.fd
File: ursfs.fd 1998/03/24 rsfs font definition file (jk)
) [1

{/usr/local/texlive/2021/texmf-var/fonts/map/pdftex/updmap/pdftex.map}]
Underfull \hbox (badness 10000) in paragraph at lines 51--53

 []


Underfull \hbox (badness 10000) in paragraph at lines 55--57

 []


Underfull \hbox (badness 10000) in paragraph at lines 59--61

 []


Underfull \hbox (badness 10000) in paragraph at lines 68--71

 []


Underfull \hbox (badness 10000) in paragraph at lines 80--81

 []


Underfull \hbox (badness 10000) in paragraph at lines 83--86

 []

[2]
Underfull \hbox (badness 10000) in paragraph at lines 88--90

 []


Underfull \hbox (badness 10000) in paragraph at lines 97--98

 []


Underfull \hbox (badness 10000) in paragraph at lines 105--106

 []

[3] (./figures/ml-process.pdf_tex
<./figures//ml-process.pdf, id=18, page=1, 682.86612pt x 341.43306pt>
File: ./figures//ml-process.pdf Graphic file (type pdf)
<use ./figures//ml-process.pdf, page 1>
Package pdftex.def Info: ./figures//ml-process.pdf , page1 used on input line 5
7.
(pdftex.def)             Requested size: 469.75502pt x 234.88051pt.
<./figures//ml-process.pdf, id=19, page=2, 682.86612pt x 341.43306pt>
File: ./figures//ml-process.pdf Graphic file (type pdf)
<use ./figures//ml-process.pdf, page 2>
Package pdftex.def Info: ./figures//ml-process.pdf , page2 used on input line 6
0.
(pdftex.def)             Requested size: 469.75502pt x 234.88051pt.
<./figures//ml-process.pdf, id=20, page=3, 682.86612pt x 341.43306pt>
File: ./figures//ml-process.pdf Graphic file (type pdf)
<use ./figures//ml-process.pdf, page 3>
Package pdftex.def Info: ./figures//ml-process.pdf , page3 used on input line 6
5.
(pdftex.def)             Requested size: 469.75502pt x 234.88051pt.
<./figures//ml-process.pdf, id=21, page=4, 682.86612pt x 341.43306pt>
File: ./figures//ml-process.pdf Graphic file (type pdf)
<use ./figures//ml-process.pdf, page 4>
Package pdftex.def Info: ./figures//ml-process.pdf , page4 used on input line 6
9.
(pdftex.def)             Requested size: 469.75502pt x 234.88051pt.
)
Underfull \hbox (badness 10000) in paragraph at lines 124--126

 []

[4 <./figures//ml-process.pdf> <./figures//ml-process.pdf

pdfTeX warning: pdflatex (file ./figures//ml-process.pdf): PDF inclusion: multi
ple pdfs with page group included in a single page
> <./figures//ml-process.pdf

pdfTeX warning: pdflatex (file ./figures//ml-process.pdf): PDF inclusion: multi
ple pdfs with page group included in a single page
> <./figures//ml-process.pdf

pdfTeX warning: pdflatex (file ./figures//ml-process.pdf): PDF inclusion: multi
ple pdfs with page group included in a single page
>]
Underfull \hbox (badness 10000) in paragraph at lines 150--152

 []


Underfull \hbox (badness 10000) in paragraph at lines 167--168

 []

[5] (./figures/threshold.pdf_tex
<./figures//threshold.pdf, id=32, page=1, 398.97687pt x 111.83441pt>
File: ./figures//threshold.pdf Graphic file (type pdf)
<use ./figures//threshold.pdf, page 1>
Package pdftex.def Info: ./figures//threshold.pdf , page1 used on input line 56
.
(pdftex.def)             Requested size: 469.75502pt x 131.67505pt.
)
Underfull \hbox (badness 10000) in paragraph at lines 182--184

 []

(./figures/hyp.-and-concept.pdf_tex
<./figures//hyp.-and-concept.pdf, id=33, page=1, 443.4102pt x 83.9092pt>
File: ./figures//hyp.-and-concept.pdf Graphic file (type pdf)
<use ./figures//hyp.-and-concept.pdf, page 1>
Package pdftex.def Info: ./figures//hyp.-and-concept.pdf , page1 used on input 
line 56.
(pdftex.def)             Requested size: 469.75502pt x 88.89465pt.
<./figures//hyp.-and-concept.pdf, id=34, page=2, 443.4102pt x 83.9092pt>
File: ./figures//hyp.-and-concept.pdf Graphic file (type pdf)
<use ./figures//hyp.-and-concept.pdf, page 2>
Package pdftex.def Info: ./figures//hyp.-and-concept.pdf , page2 used on input 
line 58.
(pdftex.def)             Requested size: 469.75502pt x 88.89465pt.
<./figures//hyp.-and-concept.pdf, id=35, page=3, 443.4102pt x 83.9092pt>
File: ./figures//hyp.-and-concept.pdf Graphic file (type pdf)
<use ./figures//hyp.-and-concept.pdf, page 3>
Package pdftex.def Info: ./figures//hyp.-and-concept.pdf , page3 used on input 
line 62.
(pdftex.def)             Requested size: 469.75502pt x 88.89465pt.
<./figures//hyp.-and-concept.pdf, id=36, page=4, 443.4102pt x 83.9092pt>
File: ./figures//hyp.-and-concept.pdf Graphic file (type pdf)
<use ./figures//hyp.-and-concept.pdf, page 4>
Package pdftex.def Info: ./figures//hyp.-and-concept.pdf , page4 used on input 
line 64.
(pdftex.def)             Requested size: 469.75502pt x 88.89465pt.
<./figures//hyp.-and-concept.pdf, id=37, page=5, 443.4102pt x 83.9092pt>
File: ./figures//hyp.-and-concept.pdf Graphic file (type pdf)
<use ./figures//hyp.-and-concept.pdf, page 5>
Package pdftex.def Info: ./figures//hyp.-and-concept.pdf , page5 used on input 
line 66.
(pdftex.def)             Requested size: 469.75502pt x 88.89465pt.
<./figures//hyp.-and-concept.pdf, id=38, page=6, 443.4102pt x 83.9092pt>
File: ./figures//hyp.-and-concept.pdf Graphic file (type pdf)
<use ./figures//hyp.-and-concept.pdf, page 6>
Package pdftex.def Info: ./figures//hyp.-and-concept.pdf , page6 used on input 
line 70.
(pdftex.def)             Requested size: 469.75502pt x 88.89465pt.
) [6 <./figures//threshold.pdf> <./figures//hyp.-and-concept.pdf

pdfTeX warning: pdflatex (file ./figures//hyp.-and-concept.pdf): PDF inclusion:
 multiple pdfs with page group included in a single page
> <./figures//hyp.-and-concept.pdf

pdfTeX warning: pdflatex (file ./figures//hyp.-and-concept.pdf): PDF inclusion:
 multiple pdfs with page group included in a single page
> <./figures//hyp.-and-concept.pdf

pdfTeX warning: pdflatex (file ./figures//hyp.-and-concept.pdf): PDF inclusion:
 multiple pdfs with page group included in a single page
> <./figures//hyp.-and-concept.pdf

pdfTeX warning: pdflatex (file ./figures//hyp.-and-concept.pdf): PDF inclusion:
 multiple pdfs with page group included in a single page
> <./figures//hyp.-and-concept.pdf

pdfTeX warning: pdflatex (file ./figures//hyp.-and-concept.pdf): PDF inclusion:
 multiple pdfs with page group included in a single page
> <./figures//hyp.-and-concept.pdf

pdfTeX warning: pdflatex (file ./figures//hyp.-and-concept.pdf): PDF inclusion:
 multiple pdfs with page group included in a single page
>] (./figures/general-case.pdf_tex
<./figures//general-case.pdf, id=46, page=1, 476.55396pt x 144.55402pt>
File: ./figures//general-case.pdf Graphic file (type pdf)
<use ./figures//general-case.pdf, page 1>
Package pdftex.def Info: ./figures//general-case.pdf , page1 used on input line
 56.
(pdftex.def)             Requested size: 469.75502pt x 142.49791pt.
<./figures//general-case.pdf, id=47, page=2, 476.55396pt x 144.55402pt>
File: ./figures//general-case.pdf Graphic file (type pdf)
<use ./figures//general-case.pdf, page 2>
Package pdftex.def Info: ./figures//general-case.pdf , page2 used on input line
 59.
(pdftex.def)             Requested size: 469.75502pt x 142.49791pt.
) [7 <./figures//general-case.pdf> <./figures//general-case.pdf

pdfTeX warning: pdflatex (file ./figures//general-case.pdf): PDF inclusion: mul
tiple pdfs with page group included in a single page
>]
Underfull \hbox (badness 10000) in paragraph at lines 315--315

 []


Overfull \hbox (6.79999pt too wide) in paragraph at lines 280--316
[] 
 []


Underfull \hbox (badness 10000) in paragraph at lines 280--316

 []

[8]
Underfull \hbox (badness 10000) in paragraph at lines 336--338

 []

[9]
Overfull \hbox (0.96428pt too wide) in paragraph at lines 344--349
[]\OT1/cmr/m/n/12 The num-ber of bits you need would be $\OML/cmm/m/it/12 log[]
 []$\OT1/cmr/m/n/12 , where $[]$ stands for the $[]$
 []


Underfull \hbox (badness 10000) in paragraph at lines 350--351

 []


Underfull \hbox (badness 10000) in paragraph at lines 359--369

 []


Overfull \hbox (6.79999pt too wide) in paragraph at lines 371--394
[] 
 []


Underfull \hbox (badness 10000) in paragraph at lines 371--394

 []

[10] [11] [12] (./figures/same-prediction.pdf_tex
<./figures//same-prediction.pdf, id=69, page=1, 380.42863pt x 47.34288pt>
File: ./figures//same-prediction.pdf Graphic file (type pdf)
<use ./figures//same-prediction.pdf, page 1>
Package pdftex.def Info: ./figures//same-prediction.pdf , page1 used on input l
ine 56.
(pdftex.def)             Requested size: 469.75502pt x 58.4618pt.
)
(./figures/different-hyp..pdf_tex
<./figures//different-hyp..pdf, id=70, page=1, 301.65883pt x 124.37518pt>
File: ./figures//different-hyp..pdf Graphic file (type pdf)
<use ./figures//different-hyp..pdf, page 1>
Package pdftex.def Info: ./figures//different-hyp..pdf , page1 used on input li
ne 56.
(pdftex.def)             Requested size: 469.75502pt x 193.68289pt.
) [13 <./figures//same-prediction.pdf>]
Underfull \hbox (badness 10000) in paragraph at lines 536--538

 []


Overfull \hbox (6.79999pt too wide) in paragraph at lines 540--557
[] 
 []


Underfull \hbox (badness 10000) in paragraph at lines 540--557

 []

[14 <./figures//different-hyp..pdf>]
Overfull \hbox (6.79999pt too wide) in paragraph at lines 571--588
[] 
 []


Underfull \hbox (badness 10000) in paragraph at lines 571--588

 []

[15]
Underfull \hbox (badness 10000) in paragraph at lines 605--607

 []


Overfull \hbox (6.79999pt too wide) in paragraph at lines 608--621
[] 
 []


Underfull \hbox (badness 10000) in paragraph at lines 608--621

 []

[16] (./figures/shattering-example.pdf_tex
<./figures//shattering-example.pdf, id=88, page=1, 502.50151pt x 309.5992pt>
File: ./figures//shattering-example.pdf Graphic file (type pdf)
<use ./figures//shattering-example.pdf, page 1>
Package pdftex.def Info: ./figures//shattering-example.pdf , page1 used on inpu
t line 56.
(pdftex.def)             Requested size: 469.75502pt x 289.42181pt.
<./figures//shattering-example.pdf, id=89, page=2, 502.50151pt x 309.5992pt>
File: ./figures//shattering-example.pdf Graphic file (type pdf)
<use ./figures//shattering-example.pdf, page 2>
Package pdftex.def Info: ./figures//shattering-example.pdf , page2 used on inpu
t line 60.
(pdftex.def)             Requested size: 469.75502pt x 289.42181pt.
<./figures//shattering-example.pdf, id=90, page=3, 502.50151pt x 309.5992pt>
File: ./figures//shattering-example.pdf Graphic file (type pdf)
<use ./figures//shattering-example.pdf, page 3>
Package pdftex.def Info: ./figures//shattering-example.pdf , page3 used on inpu
t line 69.
(pdftex.def)             Requested size: 469.75502pt x 289.42181pt.
<./figures//shattering-example.pdf, id=91, page=4, 502.50151pt x 309.5992pt>
File: ./figures//shattering-example.pdf Graphic file (type pdf)
<use ./figures//shattering-example.pdf, page 4>
Package pdftex.def Info: ./figures//shattering-example.pdf , page4 used on inpu
t line 74.
(pdftex.def)             Requested size: 469.75502pt x 289.42181pt.
)
Underfull \hbox (badness 10000) in paragraph at lines 634--637

 []


Overfull \hbox (6.79999pt too wide) in paragraph at lines 638--651
[] 
 []


Underfull \hbox (badness 10000) in paragraph at lines 638--651

 []

[17 <./figures//shattering-example.pdf> <./figures//shattering-example.pdf

pdfTeX warning: pdflatex (file ./figures//shattering-example.pdf): PDF inclusio
n: multiple pdfs with page group included in a single page
> <./figures//shattering-example.pdf

pdfTeX warning: pdflatex (file ./figures//shattering-example.pdf): PDF inclusio
n: multiple pdfs with page group included in a single page
> <./figures//shattering-example.pdf

pdfTeX warning: pdflatex (file ./figures//shattering-example.pdf): PDF inclusio
n: multiple pdfs with page group included in a single page
>] (./figures/linear-threshold-function.pdf_tex
<./figures//linear-threshold-function.pdf, id=97, page=1, 214.0084pt x 96.47105
pt>
File: ./figures//linear-threshold-function.pdf Graphic file (type pdf)
<use ./figures//linear-threshold-function.pdf, page 1>
Package pdftex.def Info: ./figures//linear-threshold-function.pdf , page1 used 
on input line 56.
(pdftex.def)             Requested size: 469.75502pt x 211.76443pt.
) [18 <./figures//linear-threshold-function.pdf>] (./figures/ltf-go-through-the
-origin.pdf_tex
<./figures//ltf-go-through-the-origin.pdf, id=103, page=1, 119.16957pt x 54.398
03pt>
File: ./figures//ltf-go-through-the-origin.pdf Graphic file (type pdf)
<use ./figures//ltf-go-through-the-origin.pdf, page 1>
Package pdftex.def Info: ./figures//ltf-go-through-the-origin.pdf , page1 used 
on input line 56.
(pdftex.def)             Requested size: 469.75502pt x 214.45474pt.
) [19 <./figures//ltf-go-through-the-origin.pdf>]
Overfull \hbox (6.79999pt too wide) in paragraph at lines 698--722
[] 
 []


Underfull \hbox (badness 10000) in paragraph at lines 698--722

 []


Overfull \hbox (6.79999pt too wide) in paragraph at lines 728--744
[] 
 []


Underfull \hbox (badness 10000) in paragraph at lines 728--744

 []

[20] [21]
Overfull \hbox (6.79999pt too wide) in paragraph at lines 840--857
[] 
 []


Underfull \hbox (badness 10000) in paragraph at lines 840--857

 []

[22]
Underfull \hbox (badness 10000) in paragraph at lines 883--885

 []


Overfull \hbox (6.79999pt too wide) in paragraph at lines 886--943
[] 
 []


Underfull \hbox (badness 10000) in paragraph at lines 886--943

 []

[23] [24] [25]
Underfull \hbox (badness 10000) in paragraph at lines 1046--1048

 []


Overfull \hbox (6.79999pt too wide) in paragraph at lines 1049--1098
[] 
 []


Underfull \hbox (badness 10000) in paragraph at lines 1049--1098

 []

[26]
Overfull \hbox (6.79999pt too wide) in paragraph at lines 1144--1169
[] 
 []


Underfull \hbox (badness 10000) in paragraph at lines 1144--1169

 []

(./figures/complexity-of-hyp.-space-and-error-trend.pdf_tex
<./figures//complexity-of-hyp.-space-and-error-trend.pdf, id=133, page=1, 392.4
5332pt x 209.37863pt>
File: ./figures//complexity-of-hyp.-space-and-error-trend.pdf Graphic file (typ
e pdf)
<use ./figures//complexity-of-hyp.-space-and-error-trend.pdf, page 1>
Package pdftex.def Info: ./figures//complexity-of-hyp.-space-and-error-trend.pd
f , page1 used on input line 56.
(pdftex.def)             Requested size: 469.75502pt x 250.62689pt.
) [27]
Underfull \hbox (badness 10000) in paragraph at lines 1187--1190

 []

[28 <./figures//complexity-of-hyp.-space-and-error-trend.pdf>]
Underfull \hbox (badness 10000) in paragraph at lines 1201--1202

 []


Underfull \hbox (badness 10000) in paragraph at lines 1215--1216

 []


Underfull \hbox (badness 10000) in paragraph at lines 1229--1234

 []

[29]
Underfull \hbox (badness 10000) in paragraph at lines 1299--1303

 []

[30] [31] [32]
Overfull \hbox (6.79999pt too wide) in paragraph at lines 1408--1436
[] 
 []


Underfull \hbox (badness 10000) in paragraph at lines 1408--1436

 []

[33] [34]
Overfull \hbox (6.79999pt too wide) in paragraph at lines 1554--1571
[] 
 []


Underfull \hbox (badness 10000) in paragraph at lines 1554--1571

 []

[35]
Overfull \hbox (6.79999pt too wide) in paragraph at lines 1622--1677
[] 
 []


Underfull \hbox (badness 10000) in paragraph at lines 1622--1677

 []

[36] [37]
Overfull \hbox (6.79999pt too wide) in paragraph at lines 1736--1759
[] 
 []


Underfull \hbox (badness 10000) in paragraph at lines 1736--1759

 []

[38]
Overfull \hbox (6.79999pt too wide) in paragraph at lines 1781--1809
[] 
 []


Underfull \hbox (badness 10000) in paragraph at lines 1781--1809

 []

[39]
Overfull \hbox (6.79999pt too wide) in paragraph at lines 1911--1918
[] 
 []


Underfull \hbox (badness 10000) in paragraph at lines 1911--1918

 []

[40] [41]
Overfull \hbox (6.79999pt too wide) in paragraph at lines 1980--2006
[] 
 []


Underfull \hbox (badness 10000) in paragraph at lines 1980--2006

 []

[42] (./PAC_learning.aux) ) 
Here is how much of TeX's memory you used:
 6121 strings out of 480449
 97410 string characters out of 5897628
 402874 words of memory out of 5000000
 23666 multiletter control sequences out of 15000+600000
 420171 words of font info for 91 fonts, out of 8000000 for 9000
 36 hyphenation exceptions out of 8191
 62i,18n,75p,310b,424s stack positions out of 5000i,500n,10000p,200000b,80000s
</usr/local/texlive/2021/texmf-dist/fonts/type1/publ
ic/amsfonts/cm/cmbx12.pfb></usr/local/texlive/2021/texmf-dist/fonts/type1/publi
c/amsfonts/cm/cmex10.pfb></usr/local/texlive/2021/texmf-dist/fonts/type1/public
/amsfonts/cm/cmmi12.pfb></usr/local/texlive/2021/texmf-dist/fonts/type1/public/
amsfonts/cm/cmmi6.pfb></usr/local/texlive/2021/texmf-dist/fonts/type1/public/am
sfonts/cm/cmmi8.pfb></usr/local/texlive/2021/texmf-dist/fonts/type1/public/amsf
onts/cmextra/cmmib8.pfb></usr/local/texlive/2021/texmf-dist/fonts/type1/public/
amsfonts/cm/cmr12.pfb></usr/local/texlive/2021/texmf-dist/fonts/type1/public/am
sfonts/cm/cmr17.pfb></usr/local/texlive/2021/texmf-dist/fonts/type1/public/amsf
onts/cm/cmr8.pfb></usr/local/texlive/2021/texmf-dist/fonts/type1/public/amsfont
s/cm/cmsy10.pfb></usr/local/texlive/2021/texmf-dist/fonts/type1/public/amsfonts
/cm/cmsy6.pfb></usr/local/texlive/2021/texmf-dist/fonts/type1/public/amsfonts/c
m/cmsy8.pfb></usr/local/texlive/2021/texmf-dist/fonts/type1/public/amsfonts/sym
bols/msbm10.pfb></usr/local/texlive/2021/texmf-dist/fonts/type1/public/rsfs/rsf
s10.pfb>
Output written on PAC_learning.pdf (42 pages, 253122 bytes).
PDF statistics:
 252 PDF objects out of 1000 (max. 8388607)
 156 compressed objects within 2 object streams
 0 named destinations out of 1000 (max. 500000)
 111 words of extra memory for PDF output out of 10000 (max. 10000000)

