This is pdfTeX, Version 3.14159265-2.6-1.40.21 (TeX Live 2020) (preloaded format=pdflatex 2021.3.31)  7 AUG 2021 14:48
entering extended mode
 restricted \write18 enabled.
 %&-line parsing enabled.
**probability_theory_notes.tex
(./probability_theory_notes.tex
LaTeX2e <2020-10-01> patch level 4
L3 programming layer <2021-02-18>
(/usr/local/texlive/2020/texmf-dist/tex/latex/base/article.cls
Document Class: article 2020/04/10 v1.4m Standard LaTeX document class
(/usr/local/texlive/2020/texmf-dist/tex/latex/base/size12.clo
File: size12.clo 2020/04/10 v1.4m Standard LaTeX file (size option)
)
\c@part=\count179
\c@section=\count180
\c@subsection=\count181
\c@subsubsection=\count182
\c@paragraph=\count183
\c@subparagraph=\count184
\c@figure=\count185
\c@table=\count186
\abovecaptionskip=\skip47
\belowcaptionskip=\skip48
\bibindent=\dimen138
)
(/usr/local/texlive/2020/texmf-dist/tex/latex/amsmath/amsmath.sty
Package: amsmath 2020/09/23 v2.17i AMS math features
\@mathmargin=\skip49

For additional information on amsmath, use the `?' option.
(/usr/local/texlive/2020/texmf-dist/tex/latex/amsmath/amstext.sty
Package: amstext 2000/06/29 v2.01 AMS text

(/usr/local/texlive/2020/texmf-dist/tex/latex/amsmath/amsgen.sty
File: amsgen.sty 1999/11/30 v2.0 generic functions
\@emptytoks=\toks15
\ex@=\dimen139
))
(/usr/local/texlive/2020/texmf-dist/tex/latex/amsmath/amsbsy.sty
Package: amsbsy 1999/11/29 v1.2d Bold Symbols
\pmbraise@=\dimen140
)
(/usr/local/texlive/2020/texmf-dist/tex/latex/amsmath/amsopn.sty
Package: amsopn 2016/03/08 v2.02 operator names
)
\inf@bad=\count187
LaTeX Info: Redefining \frac on input line 234.
\uproot@=\count188
\leftroot@=\count189
LaTeX Info: Redefining \overline on input line 399.
\classnum@=\count190
\DOTSCASE@=\count191
LaTeX Info: Redefining \ldots on input line 496.
LaTeX Info: Redefining \dots on input line 499.
LaTeX Info: Redefining \cdots on input line 620.
\Mathstrutbox@=\box47
\strutbox@=\box48
\big@size=\dimen141
LaTeX Font Info:    Redeclaring font encoding OML on input line 743.
LaTeX Font Info:    Redeclaring font encoding OMS on input line 744.
\macc@depth=\count192
\c@MaxMatrixCols=\count193
\dotsspace@=\muskip16
\c@parentequation=\count194
\dspbrk@lvl=\count195
\tag@help=\toks16
\row@=\count196
\column@=\count197
\maxfields@=\count198
\andhelp@=\toks17
\eqnshift@=\dimen142
\alignsep@=\dimen143
\tagshift@=\dimen144
\tagwidth@=\dimen145
\totwidth@=\dimen146
\lineht@=\dimen147
\@envbody=\toks18
\multlinegap=\skip50
\multlinetaggap=\skip51
\mathdisplay@stack=\toks19
LaTeX Info: Redefining \[ on input line 2923.
LaTeX Info: Redefining \] on input line 2924.
)
\c@thm=\count199

(/usr/local/texlive/2020/texmf-dist/tex/latex/amsfonts/amssymb.sty
Package: amssymb 2013/01/14 v3.01 AMS font symbols

(/usr/local/texlive/2020/texmf-dist/tex/latex/amsfonts/amsfonts.sty
Package: amsfonts 2013/01/14 v3.01 Basic AMSFonts support
\symAMSa=\mathgroup4
\symAMSb=\mathgroup5
LaTeX Font Info:    Redeclaring math symbol \hbar on input line 98.
LaTeX Font Info:    Overwriting math alphabet `\mathfrak' in version `bold'
(Font)                  U/euf/m/n --> U/euf/b/n on input line 106.
))
(/usr/local/texlive/2020/texmf-dist/tex/latex/jknapltx/mathrsfs.sty
Package: mathrsfs 1996/01/01 Math RSFS package v1.0 (jk)
\symrsfs=\mathgroup6
)
(/usr/local/texlive/2020/texmf-dist/tex/latex/tools/bm.sty
Package: bm 2019/07/24 v1.2d Bold Symbol Support (DPC/FMi)
\symboldoperators=\mathgroup7
\symboldletters=\mathgroup8
\symboldsymbols=\mathgroup9
LaTeX Font Info:    Redeclaring math alphabet \mathbf on input line 141.
LaTeX Info: Redefining \bm on input line 209.
)
(/usr/local/texlive/2020/texmf-dist/tex/latex/tools/indentfirst.sty
Package: indentfirst 1995/11/23 v1.03 Indent first paragraph (DPC)
)
(/usr/local/texlive/2020/texmf-dist/tex/latex/geometry/geometry.sty
Package: geometry 2020/01/02 v5.9 Page Geometry

(/usr/local/texlive/2020/texmf-dist/tex/latex/graphics/keyval.sty
Package: keyval 2014/10/28 v1.15 key=value parser (DPC)
\KV@toks@=\toks20
)
(/usr/local/texlive/2020/texmf-dist/tex/generic/iftex/ifvtex.sty
Package: ifvtex 2019/10/25 v1.7 ifvtex legacy package. Use iftex instead.

(/usr/local/texlive/2020/texmf-dist/tex/generic/iftex/iftex.sty
Package: iftex 2020/03/06 v1.0d TeX engine tests
))
\Gm@cnth=\count266
\Gm@cntv=\count267
\c@Gm@tempcnt=\count268
\Gm@bindingoffset=\dimen148
\Gm@wd@mp=\dimen149
\Gm@odd@mp=\dimen150
\Gm@even@mp=\dimen151
\Gm@layoutwidth=\dimen152
\Gm@layoutheight=\dimen153
\Gm@layouthoffset=\dimen154
\Gm@layoutvoffset=\dimen155
\Gm@dimlist=\toks21
)
(/usr/local/texlive/2020/texmf-dist/tex/latex/graphics/graphicx.sty
Package: graphicx 2020/09/09 v1.2b Enhanced LaTeX Graphics (DPC,SPQR)

(/usr/local/texlive/2020/texmf-dist/tex/latex/graphics/graphics.sty
Package: graphics 2020/08/30 v1.4c Standard LaTeX Graphics (DPC,SPQR)

(/usr/local/texlive/2020/texmf-dist/tex/latex/graphics/trig.sty
Package: trig 2016/01/03 v1.10 sin cos tan (DPC)
)
(/usr/local/texlive/2020/texmf-dist/tex/latex/graphics-cfg/graphics.cfg
File: graphics.cfg 2016/06/04 v1.11 sample graphics configuration
)
Package graphics Info: Driver file: pdftex.def on input line 105.

(/usr/local/texlive/2020/texmf-dist/tex/latex/graphics-def/pdftex.def
File: pdftex.def 2020/10/05 v1.2a Graphics/color driver for pdftex
))
\Gin@req@height=\dimen156
\Gin@req@width=\dimen157
)
(/usr/local/texlive/2020/texmf-dist/tex/latex/setspace/setspace.sty
Package: setspace 2011/12/19 v6.7a set line spacing
)
(/usr/local/texlive/2020/texmf-dist/tex/latex/threeparttable/threeparttable.sty
Package: threeparttable 2003/06/13  v 3.0
\@tempboxb=\box49
) (/usr/local/texlive/2020/texmf-dist/tex/latex/booktabs/booktabs.sty
Package: booktabs 2020/01/12 v1.61803398 Publication quality tables
\heavyrulewidth=\dimen158
\lightrulewidth=\dimen159
\cmidrulewidth=\dimen160
\belowrulesep=\dimen161
\belowbottomsep=\dimen162
\aboverulesep=\dimen163
\abovetopsep=\dimen164
\cmidrulesep=\dimen165
\cmidrulekern=\dimen166
\defaultaddspace=\dimen167
\@cmidla=\count269
\@cmidlb=\count270
\@aboverulesep=\dimen168
\@belowrulesep=\dimen169
\@thisruleclass=\count271
\@lastruleclass=\count272
\@thisrulewidth=\dimen170
)
(/usr/local/texlive/2020/texmf-dist/tex/latex/caption/caption.sty
Package: caption 2020/10/26 v3.5g Customizing captions (AR)

(/usr/local/texlive/2020/texmf-dist/tex/latex/caption/caption3.sty
Package: caption3 2020/10/21 v2.2e caption3 kernel (AR)
\captionmargin=\dimen171
\captionmargin@=\dimen172
\captionwidth=\dimen173
\caption@tempdima=\dimen174
\caption@indent=\dimen175
\caption@parindent=\dimen176
\caption@hangindent=\dimen177
Package caption Info: Standard document class detected.
)
\c@caption@flags=\count273
\c@continuedfloat=\count274
Package caption Info: threeparttable package is loaded.
)
(/usr/local/texlive/2020/texmf-dist/tex/latex/float/float.sty
Package: float 2001/11/08 v1.3d Float enhancements (AL)
\c@float@type=\count275
\float@exts=\toks22
\float@box=\box50
\@float@everytoks=\toks23
\@floatcapt=\box51
)
(/usr/local/texlive/2020/texmf-dist/tex/latex/import/import.sty
Package: import 2020/04/01  v 6.2
)
(/usr/local/texlive/2020/texmf-dist/tex/latex/xifthen/xifthen.sty
Package: xifthen 2015/11/05 v1.4.0 Extended ifthen features

(/usr/local/texlive/2020/texmf-dist/tex/latex/tools/calc.sty
Package: calc 2017/05/25 v4.3 Infix arithmetic (KKT,FJ)
\calc@Acount=\count276
\calc@Bcount=\count277
\calc@Adimen=\dimen178
\calc@Bdimen=\dimen179
\calc@Askip=\skip52
\calc@Bskip=\skip53
LaTeX Info: Redefining \setlength on input line 80.
LaTeX Info: Redefining \addtolength on input line 81.
\calc@Ccount=\count278
\calc@Cskip=\skip54
)
(/usr/local/texlive/2020/texmf-dist/tex/latex/base/ifthen.sty
Package: ifthen 2014/09/29 v1.1c Standard LaTeX ifthen package (DPC)
)
(/usr/local/texlive/2020/texmf-dist/tex/latex/ifmtarg/ifmtarg.sty
Package: ifmtarg 2018/04/16 v1.2b check for an empty argument
))
(/usr/local/texlive/2020/texmf-dist/tex/latex/pdfpages/pdfpages.sty
Package: pdfpages 2021/03/06 v0.5t Insert pages of external PDF documents (AM)

(/usr/local/texlive/2020/texmf-dist/tex/latex/eso-pic/eso-pic.sty
Package: eso-pic 2020/10/14 v3.0a eso-pic (RN)
\ESO@tempdima=\dimen180
\ESO@tempdimb=\dimen181

(/usr/local/texlive/2020/texmf-dist/tex/latex/xcolor/xcolor.sty
Package: xcolor 2016/05/11 v2.12 LaTeX color extensions (UK)

(/usr/local/texlive/2020/texmf-dist/tex/latex/graphics-cfg/color.cfg
File: color.cfg 2016/01/02 v1.6 sample color configuration
)
Package xcolor Info: Driver file: pdftex.def on input line 225.
Package xcolor Info: Model `cmy' substituted by `cmy0' on input line 1348.
Package xcolor Info: Model `hsb' substituted by `rgb' on input line 1352.
Package xcolor Info: Model `RGB' extended on input line 1364.
Package xcolor Info: Model `HTML' substituted by `rgb' on input line 1366.
Package xcolor Info: Model `Hsb' substituted by `hsb' on input line 1367.
Package xcolor Info: Model `tHsb' substituted by `hsb' on input line 1368.
Package xcolor Info: Model `HSB' substituted by `hsb' on input line 1369.
Package xcolor Info: Model `Gray' substituted by `gray' on input line 1370.
Package xcolor Info: Model `wave' substituted by `hsb' on input line 1371.
))
\AM@pagewidth=\dimen182
\AM@pageheight=\dimen183
\AM@fboxrule=\dimen184

(/usr/local/texlive/2020/texmf-dist/tex/latex/pdfpages/pppdftex.def
File: pppdftex.def 2021/03/06 v0.5t Pdfpages driver for pdfTeX (AM)
)
\pdfpages@includegraphics@status=\count279
\AM@pagebox=\box52
\AM@global@opts=\toks24
\AM@pagecnt=\count280
\AM@toc@title=\toks25
\c@AM@survey=\count281
\AM@templatesizebox=\box53
)
(/usr/local/texlive/2020/texmf-dist/tex/latex/transparent/transparent.sty
Package: transparent 2019/11/29 v1.4 Transparency via pdfTeX's color stack (HO)


(/usr/local/texlive/2020/texmf-dist/tex/latex/auxhook/auxhook.sty
Package: auxhook 2019-12-17 v1.6 Hooks for auxiliary files (HO)
))
(/usr/local/texlive/2020/texmf-dist/tex/latex/l3backend/l3backend-pdftex.def
File: l3backend-pdftex.def 2021-03-18 L3 backend support: PDF output (pdfTeX)
\l__color_backend_stack_int=\count282
\l__pdf_internal_box=\box54
)
(./probability_theory_notes.aux)
\openout1 = `probability_theory_notes.aux'.

LaTeX Font Info:    Checking defaults for OML/cmm/m/it on input line 40.
LaTeX Font Info:    ... okay on input line 40.
LaTeX Font Info:    Checking defaults for OMS/cmsy/m/n on input line 40.
LaTeX Font Info:    ... okay on input line 40.
LaTeX Font Info:    Checking defaults for OT1/cmr/m/n on input line 40.
LaTeX Font Info:    ... okay on input line 40.
LaTeX Font Info:    Checking defaults for T1/cmr/m/n on input line 40.
LaTeX Font Info:    ... okay on input line 40.
LaTeX Font Info:    Checking defaults for TS1/cmr/m/n on input line 40.
LaTeX Font Info:    ... okay on input line 40.
LaTeX Font Info:    Checking defaults for OMX/cmex/m/n on input line 40.
LaTeX Font Info:    ... okay on input line 40.
LaTeX Font Info:    Checking defaults for U/cmr/m/n on input line 40.
LaTeX Font Info:    ... okay on input line 40.

*geometry* driver: auto-detecting
*geometry* detected driver: pdftex
*geometry* verbose mode - [ preamble ] result:
* driver: pdftex
* paper: <default>
* layout: <same size as paper>
* layoutoffset:(h,v)=(0.0pt,0.0pt)
* modes: 
* h-part:(L,W,R)=(72.26999pt, 469.75502pt, 72.26999pt)
* v-part:(T,H,B)=(72.26999pt, 650.43001pt, 72.26999pt)
* \paperwidth=614.295pt
* \paperheight=794.96999pt
* \textwidth=469.75502pt
* \textheight=650.43001pt
* \oddsidemargin=0.0pt
* \evensidemargin=0.0pt
* \topmargin=-37.0pt
* \headheight=12.0pt
* \headsep=25.0pt
* \topskip=12.0pt
* \footskip=30.0pt
* \marginparwidth=44.0pt
* \marginparsep=10.0pt
* \columnsep=10.0pt
* \skip\footins=10.8pt plus 4.0pt minus 2.0pt
* \hoffset=0.0pt
* \voffset=0.0pt
* \mag=1000
* \@twocolumnfalse
* \@twosidefalse
* \@mparswitchfalse
* \@reversemarginfalse
* (1in=72.27pt=25.4mm, 1cm=28.453pt)

(/usr/local/texlive/2020/texmf-dist/tex/context/base/mkii/supp-pdf.mkii
[Loading MPS to PDF converter (version 2006.09.02).]
\scratchcounter=\count283
\scratchdimen=\dimen185
\scratchbox=\box55
\nofMPsegments=\count284
\nofMParguments=\count285
\everyMPshowfont=\toks26
\MPscratchCnt=\count286
\MPscratchDim=\dimen186
\MPnumerator=\count287
\makeMPintoPDFobject=\count288
\everyMPtoPDFconversion=\toks27
) (/usr/local/texlive/2020/texmf-dist/tex/latex/epstopdf-pkg/epstopdf-base.sty
Package: epstopdf-base 2020-01-24 v2.11 Base part for package epstopdf
Package epstopdf-base Info: Redefining graphics rule for `.eps' on input line 4
85.

(/usr/local/texlive/2020/texmf-dist/tex/latex/latexconfig/epstopdf-sys.cfg
File: epstopdf-sys.cfg 2010/07/13 v1.3 Configuration of (r)epstopdf for TeX Liv
e
))
Package caption Info: Begin \AtBeginDocument code.
Package caption Info: float package is loaded.
Package caption Info: End \AtBeginDocument code.

(/usr/local/texlive/2020/texmf-dist/tex/latex/pdflscape/pdflscape.sty
Package: pdflscape 2019/12/05 v0.12 Display of landscape pages in PDF (HO)

(/usr/local/texlive/2020/texmf-dist/tex/latex/graphics/lscape.sty
Package: lscape 2020/05/28 v3.02 Landscape Pages (DPC)
)
Package pdflscape Info: Auto-detected driver: pdftex on input line 81.
)
LaTeX Font Info:    Trying to load font information for U+msa on input line 41.


(/usr/local/texlive/2020/texmf-dist/tex/latex/amsfonts/umsa.fd
File: umsa.fd 2013/01/14 v3.01 AMS symbols A
)
LaTeX Font Info:    Trying to load font information for U+msb on input line 41.


(/usr/local/texlive/2020/texmf-dist/tex/latex/amsfonts/umsb.fd
File: umsb.fd 2013/01/14 v3.01 AMS symbols B
)
LaTeX Font Info:    Trying to load font information for U+rsfs on input line 41
.

(/usr/local/texlive/2020/texmf-dist/tex/latex/jknapltx/ursfs.fd
File: ursfs.fd 1998/03/24 rsfs font definition file (jk)
) [1

{/usr/local/texlive/2020/texmf-var/fonts/map/pdftex/updmap/pdftex.map}]
Underfull \hbox (badness 10000) in paragraph at lines 75--78

 []

LaTeX Font Info:    Trying to load font information for U+euf on input line 79.

(/usr/local/texlive/2020/texmf-dist/tex/latex/amsfonts/ueuf.fd
File: ueuf.fd 2013/01/14 v3.01 Euler Fraktur
) [2] [3]
<figures/Cartesian_product.png, id=22, 784.43062pt x 596.2275pt>
File: figures/Cartesian_product.png Graphic file (type png)
<use figures/Cartesian_product.png>
Package pdftex.def Info: figures/Cartesian_product.png  used on input line 209.

(pdftex.def)             Requested size: 313.76668pt x 238.48677pt.

[4] [5 <./figures/Cartesian_product.png (PNG copy)>] [6]
(./figures/symmetric-difference.pdf_tex
<./figures//symmetric-difference.pdf, id=34, page=1, 396.61302pt x 158.58923pt>

File: ./figures//symmetric-difference.pdf Graphic file (type pdf)
<use ./figures//symmetric-difference.pdf, page 1>
Package pdftex.def Info: ./figures//symmetric-difference.pdf , page1 used on in
put line 56.
(pdftex.def)             Requested size: 469.75502pt x 187.84268pt.
<./figures//symmetric-difference.pdf, id=35, page=2, 396.61302pt x 158.58923pt>

File: ./figures//symmetric-difference.pdf Graphic file (type pdf)
<use ./figures//symmetric-difference.pdf, page 2>
Package pdftex.def Info: ./figures//symmetric-difference.pdf , page2 used on in
put line 59.
(pdftex.def)             Requested size: 469.75502pt x 187.84268pt.
)
Underfull \hbox (badness 10000) in paragraph at lines 345--348

 []

[7 <./figures//symmetric-difference.pdf> <./figures//symmetric-difference.pdf

pdfTeX warning: pdflatex (file ./figures//symmetric-difference.pdf): PDF inclus
ion: multiple pdfs with page group included in a single page
>] [8] [9] [10]
Underfull \hbox (badness 10000) in paragraph at lines 504--507

 []


Overfull \hbox (6.79999pt too wide) in paragraph at lines 508--517
[] 
 []


Underfull \hbox (badness 10000) in paragraph at lines 508--517

 []


Overfull \hbox (6.79999pt too wide) in paragraph at lines 537--548
[] 
 []


Underfull \hbox (badness 10000) in paragraph at lines 537--548

 []

[11]
Underfull \hbox (badness 10000) in paragraph at lines 570--572

 []


Overfull \hbox (6.79999pt too wide) in paragraph at lines 575--598
[] 
 []


Underfull \hbox (badness 10000) in paragraph at lines 575--598

 []

[12] [13]
Overfull \hbox (6.79999pt too wide) in paragraph at lines 622--634
[] 
 []


Underfull \hbox (badness 10000) in paragraph at lines 622--634

 []


Overfull \hbox (6.79999pt too wide) in paragraph at lines 636--647
[] 
 []


Underfull \hbox (badness 10000) in paragraph at lines 636--647

 []

[14] [15]
Overfull \hbox (6.79999pt too wide) in paragraph at lines 724--733
[] 
 []


Underfull \hbox (badness 10000) in paragraph at lines 724--733

 []

[16] [17]
<figures/supremum.png, id=74, 1334.73656pt x 331.99031pt>
File: figures/supremum.png Graphic file (type png)
<use figures/supremum.png>
Package pdftex.def Info: figures/supremum.png  used on input line 789.
(pdftex.def)             Requested size: 400.42406pt x 99.59785pt.
<figures/infimum.png, id=75, 1286.55656pt x 339.51843pt>
File: figures/infimum.png Graphic file (type png)
<use figures/infimum.png>
Package pdftex.def Info: figures/infimum.png  used on input line 790.
(pdftex.def)             Requested size: 385.96996pt x 101.85631pt.
 [18 <./figures/supremum.png (PNG copy)> <./figures/infimum.png (PNG copy)>]
Overfull \hbox (6.79999pt too wide) in paragraph at lines 836--846
[] 
 []


Underfull \hbox (badness 10000) in paragraph at lines 836--846

 []

[19] [20] [21]
Underfull \hbox (badness 10000) in paragraph at lines 1010--1012

 []

[22]
<figures/discrete_uniform_pdf.png, id=93, 354.57469pt x 350.05782pt>
File: figures/discrete_uniform_pdf.png Graphic file (type png)
<use figures/discrete_uniform_pdf.png>
Package pdftex.def Info: figures/discrete_uniform_pdf.png  used on input line 1
039.
(pdftex.def)             Requested size: 177.28691pt x 175.02847pt.
<figures/discrete_uniform_cdf.png, id=94, 360.59718pt x 348.55219pt>
File: figures/discrete_uniform_cdf.png Graphic file (type png)
<use figures/discrete_uniform_cdf.png>
Package pdftex.def Info: figures/discrete_uniform_cdf.png  used on input line 1
040.
(pdftex.def)             Requested size: 180.29814pt x 174.27565pt.
 [23 <./figures/discrete_uniform_pdf.png (PNG copy)> <./figures/discrete_unifor
m_cdf.png (PNG copy)>] [24] (./probability_theory_notes.aux) ) 
Here is how much of TeX's memory you used:
 5920 strings out of 480909
 90422 string characters out of 5905567
 394014 words of memory out of 5000000
 23024 multiletter control sequences out of 15000+600000
 421476 words of font info for 97 fonts, out of 8000000 for 9000
 36 hyphenation exceptions out of 8191
 68i,13n,75p,304b,456s stack positions out of 5000i,500n,10000p,200000b,80000s
</usr/local/texli
ve/2020/texmf-dist/fonts/type1/public/amsfonts/cm/cmbx12.pfb></usr/local/texliv
e/2020/texmf-dist/fonts/type1/public/amsfonts/cm/cmex10.pfb></usr/local/texlive
/2020/texmf-dist/fonts/type1/public/amsfonts/cm/cmmi12.pfb></usr/local/texlive/
2020/texmf-dist/fonts/type1/public/amsfonts/cm/cmmi6.pfb></usr/local/texlive/20
20/texmf-dist/fonts/type1/public/amsfonts/cm/cmmi8.pfb></usr/local/texlive/2020
/texmf-dist/fonts/type1/public/amsfonts/cm/cmmib10.pfb></usr/local/texlive/2020
/texmf-dist/fonts/type1/public/amsfonts/cm/cmr12.pfb></usr/local/texlive/2020/t
exmf-dist/fonts/type1/public/amsfonts/cm/cmr17.pfb></usr/local/texlive/2020/tex
mf-dist/fonts/type1/public/amsfonts/cm/cmr6.pfb></usr/local/texlive/2020/texmf-
dist/fonts/type1/public/amsfonts/cm/cmr8.pfb></usr/local/texlive/2020/texmf-dis
t/fonts/type1/public/amsfonts/cm/cmsy10.pfb></usr/local/texlive/2020/texmf-dist
/fonts/type1/public/amsfonts/cm/cmsy8.pfb></usr/local/texlive/2020/texmf-dist/f
onts/type1/public/amsfonts/euler/eufm10.pfb></usr/local/texlive/2020/texmf-dist
/fonts/type1/public/amsfonts/symbols/msbm10.pfb>
Output written on probability_theory_notes.pdf (24 pages, 521303 bytes).
PDF statistics:
 146 PDF objects out of 1000 (max. 8388607)
 98 compressed objects within 1 object stream
 0 named destinations out of 1000 (max. 500000)
 36 words of extra memory for PDF output out of 10000 (max. 10000000)

